<?xml version="1.0" encoding="UTF-8"?>
<!-- Generated by org.testng.reporters.JUnitXMLReporter -->
<testsuite hostname="BLRM-300069978" failures="1" tests="2" name="Surefire test" time="0.327" errors="0" timestamp="3 May 2021 08:24:08 GMT">
  <testcase classname="com.studentporta.crus.StudentPortalAppCrudApplicationTests" name="contextLoads" time="0.003"/>
  <testcase classname="com.studentporta.crus.StudentPortalAppCrudApplicationTests" name="test_1" time="0.314">
    <failure type="java.lang.AbstractMethodError" message="Receiver class io.restassured.internal.RequestSpecificationImpl does not define or inherit an implementation of the resolved method &amp;apos;abstract java.lang.Object invokeMethod(java.lang.String, java.lang.Object)&amp;apos; of interface groovy.lang.GroovyObject.">
      <![CDATA[java.lang.AbstractMethodError: Receiver class io.restassured.internal.RequestSpecificationImpl does not define or inherit an implementation of the resolved method 'abstract java.lang.Object invokeMethod(java.lang.String, java.lang.Object)' of interface groovy.lang.GroovyObject.
	at org.codehaus.groovy.runtime.callsite.PogoInterceptableSite.call(PogoInterceptableSite.java:45)
	at org.codehaus.groovy.runtime.callsite.PogoInterceptableSite.callCurrent(PogoInterceptableSite.java:55)
	at org.codehaus.groovy.runtime.callsite.CallSiteArray.defaultCallCurrent(CallSiteArray.java:51)
	at org.codehaus.groovy.runtime.callsite.AbstractCallSite.callCurrent(AbstractCallSite.java:156)
	at org.codehaus.groovy.runtime.callsite.AbstractCallSite.callCurrent(AbstractCallSite.java:168)
	at io.restassured.internal.RequestSpecificationImpl.<init>(RequestSpecificationImpl.groovy:145)
	at io.restassured.RestAssured.createTestSpecification(RestAssured.java:1452)
	at io.restassured.RestAssured.given(RestAssured.java:653)
	at com.studentporta.crus.StudentPortalAppCrudApplicationTests.test_1(StudentPortalAppCrudApplicationTests.java:56)
... Removed 29 stack frames]]>
    </failure>
  </testcase> <!-- test_1 -->
</testsuite> <!-- Surefire test -->
