<?xml version="1.0" encoding="UTF-8"?>
<testng-results skipped="0" failed="1" total="1" passed="0">
  <reporter-output>
  </reporter-output>
  <suite name="Default suite" duration-ms="213" started-at="2021-05-03T07:59:01Z" finished-at="2021-05-03T07:59:01Z">
    <groups>
    </groups>
    <test name="Default test" duration-ms="213" started-at="2021-05-03T07:59:01Z" finished-at="2021-05-03T07:59:01Z">
      <class name="com.studentporta.crus.StudentPortalAppCrudApplicationTests">
        <test-method status="FAIL" signature="test_1()[pri:0, instance:com.studentporta.crus.StudentPortalAppCrudApplicationTests@70e8f8e]" name="test_1" duration-ms="204" started-at="2021-05-03T13:29:01Z" finished-at="2021-05-03T13:29:01Z">
          <exception class="java.lang.NoClassDefFoundError">
            <message>
              <![CDATA[io/restassured/path/json/mapper/factory/GsonObjectMapperFactory]]>
            </message>
            <full-stacktrace>
              <![CDATA[java.lang.NoClassDefFoundError: io/restassured/path/json/mapper/factory/GsonObjectMapperFactory
	at io.restassured.config.RestAssuredConfig.<init>(RestAssuredConfig.java:41)
	at io.restassured.RestAssured.<clinit>(RestAssured.java:421)
	at com.studentporta.crus.StudentPortalAppCrudApplicationTests.test_1(StudentPortalAppCrudApplicationTests.java:56)
	at sun.reflect.NativeMethodAccessorImpl.invoke0(Native Method)
	at sun.reflect.NativeMethodAccessorImpl.invoke(NativeMethodAccessorImpl.java:62)
	at sun.reflect.DelegatingMethodAccessorImpl.invoke(DelegatingMethodAccessorImpl.java:43)
	at java.lang.reflect.Method.invoke(Method.java:498)
	at org.testng.internal.MethodInvocationHelper.invokeMethod(MethodInvocationHelper.java:84)
	at org.testng.internal.Invoker.invokeMethod(Invoker.java:714)
	at org.testng.internal.Invoker.invokeTestMethod(Invoker.java:901)
	at org.testng.internal.Invoker.invokeTestMethods(Invoker.java:1231)
	at org.testng.internal.TestMethodWorker.invokeTestMethods(TestMethodWorker.java:127)
	at org.testng.internal.TestMethodWorker.run(TestMethodWorker.java:111)
	at org.testng.TestRunner.privateRun(TestRunner.java:767)
	at org.testng.TestRunner.run(TestRunner.java:617)
	at org.testng.SuiteRunner.runTest(SuiteRunner.java:334)
	at org.testng.SuiteRunner.runSequentially(SuiteRunner.java:329)
	at org.testng.SuiteRunner.privateRun(SuiteRunner.java:291)
	at org.testng.SuiteRunner.run(SuiteRunner.java:240)
	at org.testng.SuiteRunnerWorker.runSuite(SuiteRunnerWorker.java:52)
	at org.testng.SuiteRunnerWorker.run(SuiteRunnerWorker.java:86)
	at org.testng.TestNG.runSuitesSequentially(TestNG.java:1224)
	at org.testng.TestNG.runSuitesLocally(TestNG.java:1149)
	at org.testng.TestNG.run(TestNG.java:1057)
	at org.testng.remote.AbstractRemoteTestNG.run(AbstractRemoteTestNG.java:115)
	at org.testng.remote.RemoteTestNG.initAndRun(RemoteTestNG.java:251)
	at org.testng.remote.RemoteTestNG.main(RemoteTestNG.java:77)
Caused by: java.lang.ClassNotFoundException: io.restassured.path.json.mapper.factory.GsonObjectMapperFactory
	at java.net.URLClassLoader.findClass(URLClassLoader.java:382)
	at java.lang.ClassLoader.loadClass(ClassLoader.java:418)
	at sun.misc.Launcher$AppClassLoader.loadClass(Launcher.java:355)
	at java.lang.ClassLoader.loadClass(ClassLoader.java:351)
	... 27 more
]]>
            </full-stacktrace>
          </exception> <!-- java.lang.NoClassDefFoundError -->
          <reporter-output>
          </reporter-output>
        </test-method> <!-- test_1 -->
      </class> <!-- com.studentporta.crus.StudentPortalAppCrudApplicationTests -->
    </test> <!-- Default test -->
  </suite> <!-- Default suite -->
</testng-results>
